<?xml version="1.0" encoding="UTF-8" ?>
<testsuite failures="0" time="6.067" errors="4" skipped="0" tests="5" name="org.apache.hadoop.mapreduce.lib.output.TestFileOutputCommitter">
  <properties>
    <property name="java.runtime.name" value="Java(TM) SE Runtime Environment"/>
    <property name="sun.boot.library.path" value="C:\Program Files\Java\jdk1.7.0_10\jre\bin"/>
    <property name="java.vm.version" value="23.6-b04"/>
    <property name="java.vm.vendor" value="Oracle Corporation"/>
    <property name="java.vendor.url" value="http://java.oracle.com/"/>
    <property name="path.separator" value=";"/>
    <property name="guice.disable.misplaced.annotation.check" value="true"/>
    <property name="java.vm.name" value="Java HotSpot(TM) 64-Bit Server VM"/>
    <property name="file.encoding.pkg" value="sun.io"/>
    <property name="user.script" value=""/>
    <property name="user.country" value="CN"/>
    <property name="sun.java.launcher" value="SUN_STANDARD"/>
    <property name="sun.os.patch.level" value="Service Pack 1"/>
    <property name="java.vm.specification.name" value="Java Virtual Machine Specification"/>
    <property name="user.dir" value="D:\ryneli\eclipse\git\RsyncHadoop\hadoop-mapreduce-project"/>
    <property name="java.runtime.version" value="1.7.0_10-b18"/>
    <property name="java.awt.graphicsenv" value="sun.awt.Win32GraphicsEnvironment"/>
    <property name="java.endorsed.dirs" value="C:\Program Files\Java\jdk1.7.0_10\jre\lib\endorsed"/>
    <property name="os.arch" value="amd64"/>
    <property name="java.io.tmpdir" value="C:\Users\toshiba\AppData\Local\Temp\"/>
    <property name="line.separator" value="
"/>
    <property name="java.vm.specification.vendor" value="Oracle Corporation"/>
    <property name="user.variant" value=""/>
    <property name="os.name" value="Windows 7"/>
    <property name="classworlds.conf" value="C:\maven\bin\..\bin\m2.conf"/>
    <property name="sun.jnu.encoding" value="GBK"/>
    <property name="java.library.path" value="C:\Program Files\Java\jdk1.7.0_10\bin;C:\windows\Sun\Java\bin;C:\windows\system32;C:\windows;C:\Program Files (x86)\Intel\iCLS Client\;C:\Program Files\Intel\iCLS Client\;C:\windows\system32;C:\windows;C:\windows\System32\Wbem;C:\windows\System32\WindowsPowerShell\v1.0\;C:\Program Files\Intel\Intel(R) Management Engine Components\DAL;C:\Program Files\Intel\Intel(R) Management Engine Components\IPT;C:\Program Files (x86)\Intel\Intel(R) Management Engine Components\DAL;C:\Program Files (x86)\Intel\Intel(R) Management Engine Components\IPT;C:\Program Files (x86)\Intel\OpenCL SDK\2.0\bin\x86;C:\Program Files (x86)\Intel\OpenCL SDK\2.0\bin\x64;C:\Program Files (x86)\Toshiba\Bluetooth Toshiba Stack\sys\;C:\Program Files (x86)\Toshiba\Bluetooth Toshiba Stack\sys\x64\;C:\CTEX\UserData\miktex\bin;C:\CTEX\MiKTeX\miktex\bin;C:\CTEX\CTeX\ctex\bin;C:\CTEX\CTeX\cct\bin;C:\CTEX\CTeX\ty\bin;C:\CTEX\Ghostscript\gs9.05\bin;C:\CTEX\GSview\gsview;C:\CTEX\WinEdt;C:\Program Files (x86)\Git\cmd;C:\Program Files (x86)\Git\bin;C:\Program Files (x86)\Microsoft SQL Server\100\Tools\Binn\;C:\Program Files\Microsoft SQL Server\100\Tools\Binn\;C:\Program Files\Microsoft SQL Server\100\DTS\Binn\;C:\Python27;C:\Go\bin;C:\maven\bin;C:\Program Files\Java\jdk1.7.0_10\bin;C:\Program Files\Java\jdk1.7.0_10\jre\bin;D:\adt-bundle-windows-x86_64\sdk\platform-tools;."/>
    <property name="java.specification.name" value="Java Platform API Specification"/>
    <property name="java.class.version" value="51.0"/>
    <property name="sun.management.compiler" value="HotSpot 64-Bit Tiered Compilers"/>
    <property name="os.version" value="6.1"/>
    <property name="user.home" value="C:\Users\toshiba"/>
    <property name="user.timezone" value="Asia/Shanghai"/>
    <property name="java.awt.printerjob" value="sun.awt.windows.WPrinterJob"/>
    <property name="java.specification.version" value="1.7"/>
    <property name="file.encoding" value="GBK"/>
    <property name="user.name" value="toshiba"/>
    <property name="java.class.path" value="C:\maven\bin\..\boot\plexus-classworlds-2.4.jar"/>
    <property name="java.vm.specification.version" value="1.7"/>
    <property name="sun.arch.data.model" value="64"/>
    <property name="java.home" value="C:\Program Files\Java\jdk1.7.0_10\jre"/>
    <property name="sun.java.command" value="org.codehaus.plexus.classworlds.launcher.Launcher install"/>
    <property name="java.specification.vendor" value="Oracle Corporation"/>
    <property name="user.language" value="zh"/>
    <property name="awt.toolkit" value="sun.awt.windows.WToolkit"/>
    <property name="java.vm.info" value="mixed mode"/>
    <property name="java.version" value="1.7.0_10"/>
    <property name="java.ext.dirs" value="C:\Program Files\Java\jdk1.7.0_10\jre\lib\ext;C:\windows\Sun\Java\lib\ext"/>
    <property name="sun.boot.class.path" value="C:\Program Files\Java\jdk1.7.0_10\jre\lib\resources.jar;C:\Program Files\Java\jdk1.7.0_10\jre\lib\rt.jar;C:\Program Files\Java\jdk1.7.0_10\jre\lib\sunrsasign.jar;C:\Program Files\Java\jdk1.7.0_10\jre\lib\jsse.jar;C:\Program Files\Java\jdk1.7.0_10\jre\lib\jce.jar;C:\Program Files\Java\jdk1.7.0_10\jre\lib\charsets.jar;C:\Program Files\Java\jdk1.7.0_10\jre\lib\jfr.jar;C:\Program Files\Java\jdk1.7.0_10\jre\classes"/>
    <property name="java.vendor" value="Oracle Corporation"/>
    <property name="maven.home" value="C:\maven\bin\.."/>
    <property name="file.separator" value="\"/>
    <property name="java.vendor.url.bug" value="http://bugreport.sun.com/bugreport/"/>
    <property name="sun.cpu.endian" value="little"/>
    <property name="sun.io.unicode.encoding" value="UnicodeLittle"/>
    <property name="sun.desktop" value="windows"/>
    <property name="sun.cpu.isalist" value="amd64"/>
  </properties>
  <testcase time="4.383" classname="org.apache.hadoop.mapreduce.lib.output.TestFileOutputCommitter" name="testRecovery">
    <error type="java.lang.NullPointerException">java.lang.NullPointerException
	at java.lang.ProcessBuilder.start(ProcessBuilder.java:1010)
	at org.apache.hadoop.util.Shell.runCommand(Shell.java:404)
	at org.apache.hadoop.util.Shell.run(Shell.java:379)
	at org.apache.hadoop.util.Shell$ShellCommandExecutor.execute(Shell.java:589)
	at org.apache.hadoop.util.Shell.execCommand(Shell.java:678)
	at org.apache.hadoop.util.Shell.execCommand(Shell.java:661)
	at org.apache.hadoop.fs.RawLocalFileSystem.setPermission(RawLocalFileSystem.java:639)
	at org.apache.hadoop.fs.FilterFileSystem.setPermission(FilterFileSystem.java:468)
	at org.apache.hadoop.fs.ChecksumFileSystem.create(ChecksumFileSystem.java:456)
	at org.apache.hadoop.fs.ChecksumFileSystem.create(ChecksumFileSystem.java:424)
	at org.apache.hadoop.fs.FileSystem.create(FileSystem.java:905)
	at org.apache.hadoop.fs.FileSystem.create(FileSystem.java:886)
	at org.apache.hadoop.fs.FileSystem.create(FileSystem.java:783)
	at org.apache.hadoop.mapreduce.lib.output.TextOutputFormat.getRecordWriter(TextOutputFormat.java:132)
	at org.apache.hadoop.mapreduce.lib.output.TestFileOutputCommitter.testRecovery(TestFileOutputCommitter.java:128)
	at sun.reflect.NativeMethodAccessorImpl.invoke0(Native Method)
	at sun.reflect.NativeMethodAccessorImpl.invoke(NativeMethodAccessorImpl.java:57)
	at sun.reflect.DelegatingMethodAccessorImpl.invoke(DelegatingMethodAccessorImpl.java:43)
	at java.lang.reflect.Method.invoke(Method.java:601)
	at junit.framework.TestCase.runTest(TestCase.java:168)
	at junit.framework.TestCase.runBare(TestCase.java:134)
	at junit.framework.TestResult$1.protect(TestResult.java:110)
	at junit.framework.TestResult.runProtected(TestResult.java:128)
	at junit.framework.TestResult.run(TestResult.java:113)
	at junit.framework.TestCase.run(TestCase.java:124)
	at junit.framework.TestSuite.runTest(TestSuite.java:243)
	at junit.framework.TestSuite.run(TestSuite.java:238)
	at org.junit.internal.runners.JUnit38ClassRunner.run(JUnit38ClassRunner.java:83)
	at org.apache.maven.surefire.junit4.JUnit4Provider.execute(JUnit4Provider.java:252)
	at org.apache.maven.surefire.junit4.JUnit4Provider.executeTestSet(JUnit4Provider.java:141)
	at org.apache.maven.surefire.junit4.JUnit4Provider.invoke(JUnit4Provider.java:112)
	at sun.reflect.NativeMethodAccessorImpl.invoke0(Native Method)
	at sun.reflect.NativeMethodAccessorImpl.invoke(NativeMethodAccessorImpl.java:57)
	at sun.reflect.DelegatingMethodAccessorImpl.invoke(DelegatingMethodAccessorImpl.java:43)
	at java.lang.reflect.Method.invoke(Method.java:601)
	at org.apache.maven.surefire.util.ReflectionUtils.invokeMethodWithArray(ReflectionUtils.java:189)
	at org.apache.maven.surefire.booter.ProviderFactory$ProviderProxy.invoke(ProviderFactory.java:165)
	at org.apache.maven.surefire.booter.ProviderFactory.invokeProvider(ProviderFactory.java:85)
	at org.apache.maven.surefire.booter.ForkedBooter.runSuitesInProcess(ForkedBooter.java:115)
	at org.apache.maven.surefire.booter.ForkedBooter.main(ForkedBooter.java:75)
</error>
    <system-out>2013-12-22 14:25:01,284 WARN  [main] util.NativeCodeLoader (NativeCodeLoader.java:&lt;clinit&gt;(62)) - Unable to load native-hadoop library for your platform... using builtin-java classes where applicable
2013-12-22 14:25:02,826 ERROR [main] util.Shell (Shell.java:getWinUtilsPath(303)) - Failed to locate the winutils binary in the hadoop binary path
java.io.IOException: Could not locate executable D:\ryneli\eclipse\git\RsyncHadoop\hadoop-common-project\hadoop-common\target\bin\winutils.exe in the Hadoop binaries.
	at org.apache.hadoop.util.Shell.getQualifiedBinPath(Shell.java:278)
	at org.apache.hadoop.util.Shell.getWinUtilsPath(Shell.java:300)
	at org.apache.hadoop.util.Shell.&lt;clinit&gt;(Shell.java:293)
	at org.apache.hadoop.fs.RawLocalFileSystem.setPermission(RawLocalFileSystem.java:639)
	at org.apache.hadoop.fs.FilterFileSystem.setPermission(FilterFileSystem.java:468)
	at org.apache.hadoop.fs.ChecksumFileSystem.create(ChecksumFileSystem.java:456)
	at org.apache.hadoop.fs.ChecksumFileSystem.create(ChecksumFileSystem.java:424)
	at org.apache.hadoop.fs.FileSystem.create(FileSystem.java:905)
	at org.apache.hadoop.fs.FileSystem.create(FileSystem.java:886)
	at org.apache.hadoop.fs.FileSystem.create(FileSystem.java:783)
	at org.apache.hadoop.mapreduce.lib.output.TextOutputFormat.getRecordWriter(TextOutputFormat.java:132)
	at org.apache.hadoop.mapreduce.lib.output.TestFileOutputCommitter.testRecovery(TestFileOutputCommitter.java:128)
	at sun.reflect.NativeMethodAccessorImpl.invoke0(Native Method)
	at sun.reflect.NativeMethodAccessorImpl.invoke(NativeMethodAccessorImpl.java:57)
	at sun.reflect.DelegatingMethodAccessorImpl.invoke(DelegatingMethodAccessorImpl.java:43)
	at java.lang.reflect.Method.invoke(Method.java:601)
	at junit.framework.TestCase.runTest(TestCase.java:168)
	at junit.framework.TestCase.runBare(TestCase.java:134)
	at junit.framework.TestResult$1.protect(TestResult.java:110)
	at junit.framework.TestResult.runProtected(TestResult.java:128)
	at junit.framework.TestResult.run(TestResult.java:113)
	at junit.framework.TestCase.run(TestCase.java:124)
	at junit.framework.TestSuite.runTest(TestSuite.java:243)
	at junit.framework.TestSuite.run(TestSuite.java:238)
	at org.junit.internal.runners.JUnit38ClassRunner.run(JUnit38ClassRunner.java:83)
	at org.apache.maven.surefire.junit4.JUnit4Provider.execute(JUnit4Provider.java:252)
	at org.apache.maven.surefire.junit4.JUnit4Provider.executeTestSet(JUnit4Provider.java:141)
	at org.apache.maven.surefire.junit4.JUnit4Provider.invoke(JUnit4Provider.java:112)
	at sun.reflect.NativeMethodAccessorImpl.invoke0(Native Method)
	at sun.reflect.NativeMethodAccessorImpl.invoke(NativeMethodAccessorImpl.java:57)
	at sun.reflect.DelegatingMethodAccessorImpl.invoke(DelegatingMethodAccessorImpl.java:43)
	at java.lang.reflect.Method.invoke(Method.java:601)
	at org.apache.maven.surefire.util.ReflectionUtils.invokeMethodWithArray(ReflectionUtils.java:189)
	at org.apache.maven.surefire.booter.ProviderFactory$ProviderProxy.invoke(ProviderFactory.java:165)
	at org.apache.maven.surefire.booter.ProviderFactory.invokeProvider(ProviderFactory.java:85)
	at org.apache.maven.surefire.booter.ForkedBooter.runSuitesInProcess(ForkedBooter.java:115)
	at org.apache.maven.surefire.booter.ForkedBooter.main(ForkedBooter.java:75)
2013-12-22 14:25:03,084 WARN  [main] fs.FileUtil (FileUtil.java:deleteImpl(187)) - Failed to delete file or dir [D:\ryneli\eclipse\git\RsyncHadoop\hadoop-mapreduce-project\hadoop-mapreduce-client\hadoop-mapreduce-client-core\target\test-dir\output\_temporary\1\_temporary\attempt_200707121733_0001_m_000000_0\.part-m-00000.crc]: it still exists.
2013-12-22 14:25:03,086 WARN  [main] fs.FileUtil (FileUtil.java:deleteImpl(187)) - Failed to delete file or dir [D:\ryneli\eclipse\git\RsyncHadoop\hadoop-mapreduce-project\hadoop-mapreduce-client\hadoop-mapreduce-client-core\target\test-dir\output\_temporary\1\_temporary\attempt_200707121733_0001_m_000000_0\part-m-00000]: it still exists.
</system-out>
  </testcase>
  <testcase time="0.6" classname="org.apache.hadoop.mapreduce.lib.output.TestFileOutputCommitter" name="testAbort">
    <error type="java.lang.NullPointerException">java.lang.NullPointerException
	at java.lang.ProcessBuilder.start(ProcessBuilder.java:1010)
	at org.apache.hadoop.util.Shell.runCommand(Shell.java:404)
	at org.apache.hadoop.util.Shell.run(Shell.java:379)
	at org.apache.hadoop.util.Shell$ShellCommandExecutor.execute(Shell.java:589)
	at org.apache.hadoop.util.Shell.execCommand(Shell.java:678)
	at org.apache.hadoop.util.Shell.execCommand(Shell.java:661)
	at org.apache.hadoop.fs.RawLocalFileSystem.setPermission(RawLocalFileSystem.java:639)
	at org.apache.hadoop.fs.FilterFileSystem.setPermission(FilterFileSystem.java:468)
	at org.apache.hadoop.fs.ChecksumFileSystem.create(ChecksumFileSystem.java:456)
	at org.apache.hadoop.fs.ChecksumFileSystem.create(ChecksumFileSystem.java:424)
	at org.apache.hadoop.fs.FileSystem.create(FileSystem.java:905)
	at org.apache.hadoop.fs.FileSystem.create(FileSystem.java:886)
	at org.apache.hadoop.fs.FileSystem.create(FileSystem.java:783)
	at org.apache.hadoop.mapreduce.lib.output.TextOutputFormat.getRecordWriter(TextOutputFormat.java:132)
	at org.apache.hadoop.mapreduce.lib.output.TestFileOutputCommitter.testAbort(TestFileOutputCommitter.java:270)
	at sun.reflect.NativeMethodAccessorImpl.invoke0(Native Method)
	at sun.reflect.NativeMethodAccessorImpl.invoke(NativeMethodAccessorImpl.java:57)
	at sun.reflect.DelegatingMethodAccessorImpl.invoke(DelegatingMethodAccessorImpl.java:43)
	at java.lang.reflect.Method.invoke(Method.java:601)
	at junit.framework.TestCase.runTest(TestCase.java:168)
	at junit.framework.TestCase.runBare(TestCase.java:134)
	at junit.framework.TestResult$1.protect(TestResult.java:110)
	at junit.framework.TestResult.runProtected(TestResult.java:128)
	at junit.framework.TestResult.run(TestResult.java:113)
	at junit.framework.TestCase.run(TestCase.java:124)
	at junit.framework.TestSuite.runTest(TestSuite.java:243)
	at junit.framework.TestSuite.run(TestSuite.java:238)
	at org.junit.internal.runners.JUnit38ClassRunner.run(JUnit38ClassRunner.java:83)
	at org.apache.maven.surefire.junit4.JUnit4Provider.execute(JUnit4Provider.java:252)
	at org.apache.maven.surefire.junit4.JUnit4Provider.executeTestSet(JUnit4Provider.java:141)
	at org.apache.maven.surefire.junit4.JUnit4Provider.invoke(JUnit4Provider.java:112)
	at sun.reflect.NativeMethodAccessorImpl.invoke0(Native Method)
	at sun.reflect.NativeMethodAccessorImpl.invoke(NativeMethodAccessorImpl.java:57)
	at sun.reflect.DelegatingMethodAccessorImpl.invoke(DelegatingMethodAccessorImpl.java:43)
	at java.lang.reflect.Method.invoke(Method.java:601)
	at org.apache.maven.surefire.util.ReflectionUtils.invokeMethodWithArray(ReflectionUtils.java:189)
	at org.apache.maven.surefire.booter.ProviderFactory$ProviderProxy.invoke(ProviderFactory.java:165)
	at org.apache.maven.surefire.booter.ProviderFactory.invokeProvider(ProviderFactory.java:85)
	at org.apache.maven.surefire.booter.ForkedBooter.runSuitesInProcess(ForkedBooter.java:115)
	at org.apache.maven.surefire.booter.ForkedBooter.main(ForkedBooter.java:75)
</error>
    <system-out>2013-12-22 14:25:03,375 WARN  [main] fs.FileUtil (FileUtil.java:deleteImpl(187)) - Failed to delete file or dir [D:\ryneli\eclipse\git\RsyncHadoop\hadoop-mapreduce-project\hadoop-mapreduce-client\hadoop-mapreduce-client-core\target\test-dir\output\_temporary\1\_temporary\attempt_200707121733_0001_m_000000_0\.part-m-00000.crc]: it still exists.
2013-12-22 14:25:03,377 WARN  [main] fs.FileUtil (FileUtil.java:deleteImpl(187)) - Failed to delete file or dir [D:\ryneli\eclipse\git\RsyncHadoop\hadoop-mapreduce-project\hadoop-mapreduce-client\hadoop-mapreduce-client-core\target\test-dir\output\_temporary\1\_temporary\attempt_200707121733_0001_m_000000_0\part-m-00000]: it still exists.
2013-12-22 14:25:04,076 WARN  [main] fs.FileUtil (FileUtil.java:deleteImpl(187)) - Failed to delete file or dir [D:\ryneli\eclipse\git\RsyncHadoop\hadoop-mapreduce-project\hadoop-mapreduce-client\hadoop-mapreduce-client-core\target\test-dir\output\_temporary\0\_temporary\attempt_200707121733_0001_m_000000_0\.part-m-00000.crc]: it still exists.
2013-12-22 14:25:04,078 WARN  [main] fs.FileUtil (FileUtil.java:deleteImpl(187)) - Failed to delete file or dir [D:\ryneli\eclipse\git\RsyncHadoop\hadoop-mapreduce-project\hadoop-mapreduce-client\hadoop-mapreduce-client-core\target\test-dir\output\_temporary\0\_temporary\attempt_200707121733_0001_m_000000_0\part-m-00000]: it still exists.
</system-out>
  </testcase>
  <testcase time="0.348" classname="org.apache.hadoop.mapreduce.lib.output.TestFileOutputCommitter" name="testCommitter">
    <error message="File already exists: file:/D:/ryneli/eclipse/git/RsyncHadoop/hadoop-mapreduce-project/hadoop-mapreduce-client/hadoop-mapreduce-client-core/target/test-dir/output/_temporary/0/_temporary/attempt_200707121733_0001_m_000000_0/part-m-00000" type="java.io.IOException">java.io.IOException: File already exists: file:/D:/ryneli/eclipse/git/RsyncHadoop/hadoop-mapreduce-project/hadoop-mapreduce-client/hadoop-mapreduce-client-core/target/test-dir/output/_temporary/0/_temporary/attempt_200707121733_0001_m_000000_0/part-m-00000
	at org.apache.hadoop.fs.RawLocalFileSystem.create(RawLocalFileSystem.java:276)
	at org.apache.hadoop.fs.RawLocalFileSystem.create(RawLocalFileSystem.java:269)
	at org.apache.hadoop.fs.ChecksumFileSystem$ChecksumFSOutputSummer.&lt;init&gt;(ChecksumFileSystem.java:384)
	at org.apache.hadoop.fs.ChecksumFileSystem.create(ChecksumFileSystem.java:443)
	at org.apache.hadoop.fs.ChecksumFileSystem.create(ChecksumFileSystem.java:424)
	at org.apache.hadoop.fs.FileSystem.create(FileSystem.java:905)
	at org.apache.hadoop.fs.FileSystem.create(FileSystem.java:886)
	at org.apache.hadoop.fs.FileSystem.create(FileSystem.java:783)
	at org.apache.hadoop.mapreduce.lib.output.TextOutputFormat.getRecordWriter(TextOutputFormat.java:132)
	at org.apache.hadoop.mapreduce.lib.output.TestFileOutputCommitter.testCommitter(TestFileOutputCommitter.java:216)
	at sun.reflect.NativeMethodAccessorImpl.invoke0(Native Method)
	at sun.reflect.NativeMethodAccessorImpl.invoke(NativeMethodAccessorImpl.java:57)
	at sun.reflect.DelegatingMethodAccessorImpl.invoke(DelegatingMethodAccessorImpl.java:43)
	at java.lang.reflect.Method.invoke(Method.java:601)
	at junit.framework.TestCase.runTest(TestCase.java:168)
	at junit.framework.TestCase.runBare(TestCase.java:134)
	at junit.framework.TestResult$1.protect(TestResult.java:110)
	at junit.framework.TestResult.runProtected(TestResult.java:128)
	at junit.framework.TestResult.run(TestResult.java:113)
	at junit.framework.TestCase.run(TestCase.java:124)
	at junit.framework.TestSuite.runTest(TestSuite.java:243)
	at junit.framework.TestSuite.run(TestSuite.java:238)
	at org.junit.internal.runners.JUnit38ClassRunner.run(JUnit38ClassRunner.java:83)
	at org.apache.maven.surefire.junit4.JUnit4Provider.execute(JUnit4Provider.java:252)
	at org.apache.maven.surefire.junit4.JUnit4Provider.executeTestSet(JUnit4Provider.java:141)
	at org.apache.maven.surefire.junit4.JUnit4Provider.invoke(JUnit4Provider.java:112)
	at sun.reflect.NativeMethodAccessorImpl.invoke0(Native Method)
	at sun.reflect.NativeMethodAccessorImpl.invoke(NativeMethodAccessorImpl.java:57)
	at sun.reflect.DelegatingMethodAccessorImpl.invoke(DelegatingMethodAccessorImpl.java:43)
	at java.lang.reflect.Method.invoke(Method.java:601)
	at org.apache.maven.surefire.util.ReflectionUtils.invokeMethodWithArray(ReflectionUtils.java:189)
	at org.apache.maven.surefire.booter.ProviderFactory$ProviderProxy.invoke(ProviderFactory.java:165)
	at org.apache.maven.surefire.booter.ProviderFactory.invokeProvider(ProviderFactory.java:85)
	at org.apache.maven.surefire.booter.ForkedBooter.runSuitesInProcess(ForkedBooter.java:115)
	at org.apache.maven.surefire.booter.ForkedBooter.main(ForkedBooter.java:75)
</error>
    <system-out>2013-12-22 14:25:04,294 WARN  [main] fs.FileUtil (FileUtil.java:deleteImpl(187)) - Failed to delete file or dir [D:\ryneli\eclipse\git\RsyncHadoop\hadoop-mapreduce-project\hadoop-mapreduce-client\hadoop-mapreduce-client-core\target\test-dir\output\_temporary\0\_temporary\attempt_200707121733_0001_m_000000_0\.part-m-00000.crc]: it still exists.
2013-12-22 14:25:04,296 WARN  [main] fs.FileUtil (FileUtil.java:deleteImpl(187)) - Failed to delete file or dir [D:\ryneli\eclipse\git\RsyncHadoop\hadoop-mapreduce-project\hadoop-mapreduce-client\hadoop-mapreduce-client-core\target\test-dir\output\_temporary\0\_temporary\attempt_200707121733_0001_m_000000_0\part-m-00000]: it still exists.
2013-12-22 14:25:04,528 WARN  [main] fs.FileUtil (FileUtil.java:deleteImpl(187)) - Failed to delete file or dir [D:\ryneli\eclipse\git\RsyncHadoop\hadoop-mapreduce-project\hadoop-mapreduce-client\hadoop-mapreduce-client-core\target\test-dir\output\_temporary\0\_temporary\attempt_200707121733_0001_m_000000_0\.part-m-00000.crc]: it still exists.
2013-12-22 14:25:04,530 WARN  [main] fs.FileUtil (FileUtil.java:deleteImpl(187)) - Failed to delete file or dir [D:\ryneli\eclipse\git\RsyncHadoop\hadoop-mapreduce-project\hadoop-mapreduce-client\hadoop-mapreduce-client-core\target\test-dir\output\_temporary\0\_temporary\attempt_200707121733_0001_m_000000_0\part-m-00000]: it still exists.
</system-out>
  </testcase>
  <testcase time="0.402" classname="org.apache.hadoop.mapreduce.lib.output.TestFileOutputCommitter" name="testMapFileOutputCommitter">
    <error message="Mkdirs failed to create directory file:/D:/ryneli/eclipse/git/RsyncHadoop/hadoop-mapreduce-project/hadoop-mapreduce-client/hadoop-mapreduce-client-core/target/test-dir/output/_temporary/0/_temporary/attempt_200707121733_0001_m_000000_0/part-m-00000" type="java.io.IOException">java.io.IOException: Mkdirs failed to create directory file:/D:/ryneli/eclipse/git/RsyncHadoop/hadoop-mapreduce-project/hadoop-mapreduce-client/hadoop-mapreduce-client-core/target/test-dir/output/_temporary/0/_temporary/attempt_200707121733_0001_m_000000_0/part-m-00000
	at org.apache.hadoop.io.MapFile$Writer.&lt;init&gt;(MapFile.java:264)
	at org.apache.hadoop.io.MapFile$Writer.&lt;init&gt;(MapFile.java:126)
	at org.apache.hadoop.mapreduce.lib.output.MapFileOutputFormat.getRecordWriter(MapFileOutputFormat.java:69)
	at org.apache.hadoop.mapreduce.lib.output.TestFileOutputCommitter.testMapFileOutputCommitter(TestFileOutputCommitter.java:243)
	at sun.reflect.NativeMethodAccessorImpl.invoke0(Native Method)
	at sun.reflect.NativeMethodAccessorImpl.invoke(NativeMethodAccessorImpl.java:57)
	at sun.reflect.DelegatingMethodAccessorImpl.invoke(DelegatingMethodAccessorImpl.java:43)
	at java.lang.reflect.Method.invoke(Method.java:601)
	at junit.framework.TestCase.runTest(TestCase.java:168)
	at junit.framework.TestCase.runBare(TestCase.java:134)
	at junit.framework.TestResult$1.protect(TestResult.java:110)
	at junit.framework.TestResult.runProtected(TestResult.java:128)
	at junit.framework.TestResult.run(TestResult.java:113)
	at junit.framework.TestCase.run(TestCase.java:124)
	at junit.framework.TestSuite.runTest(TestSuite.java:243)
	at junit.framework.TestSuite.run(TestSuite.java:238)
	at org.junit.internal.runners.JUnit38ClassRunner.run(JUnit38ClassRunner.java:83)
	at org.apache.maven.surefire.junit4.JUnit4Provider.execute(JUnit4Provider.java:252)
	at org.apache.maven.surefire.junit4.JUnit4Provider.executeTestSet(JUnit4Provider.java:141)
	at org.apache.maven.surefire.junit4.JUnit4Provider.invoke(JUnit4Provider.java:112)
	at sun.reflect.NativeMethodAccessorImpl.invoke0(Native Method)
	at sun.reflect.NativeMethodAccessorImpl.invoke(NativeMethodAccessorImpl.java:57)
	at sun.reflect.DelegatingMethodAccessorImpl.invoke(DelegatingMethodAccessorImpl.java:43)
	at java.lang.reflect.Method.invoke(Method.java:601)
	at org.apache.maven.surefire.util.ReflectionUtils.invokeMethodWithArray(ReflectionUtils.java:189)
	at org.apache.maven.surefire.booter.ProviderFactory$ProviderProxy.invoke(ProviderFactory.java:165)
	at org.apache.maven.surefire.booter.ProviderFactory.invokeProvider(ProviderFactory.java:85)
	at org.apache.maven.surefire.booter.ForkedBooter.runSuitesInProcess(ForkedBooter.java:115)
	at org.apache.maven.surefire.booter.ForkedBooter.main(ForkedBooter.java:75)
</error>
    <system-out>2013-12-22 14:25:04,652 WARN  [main] fs.FileUtil (FileUtil.java:deleteImpl(187)) - Failed to delete file or dir [D:\ryneli\eclipse\git\RsyncHadoop\hadoop-mapreduce-project\hadoop-mapreduce-client\hadoop-mapreduce-client-core\target\test-dir\output\_temporary\0\_temporary\attempt_200707121733_0001_m_000000_0\.part-m-00000.crc]: it still exists.
2013-12-22 14:25:04,654 WARN  [main] fs.FileUtil (FileUtil.java:deleteImpl(187)) - Failed to delete file or dir [D:\ryneli\eclipse\git\RsyncHadoop\hadoop-mapreduce-project\hadoop-mapreduce-client\hadoop-mapreduce-client-core\target\test-dir\output\_temporary\0\_temporary\attempt_200707121733_0001_m_000000_0\part-m-00000]: it still exists.
2013-12-22 14:25:04,926 WARN  [main] fs.FileUtil (FileUtil.java:deleteImpl(187)) - Failed to delete file or dir [D:\ryneli\eclipse\git\RsyncHadoop\hadoop-mapreduce-project\hadoop-mapreduce-client\hadoop-mapreduce-client-core\target\test-dir\output\_temporary\0\_temporary\attempt_200707121733_0001_m_000000_0\.part-m-00000.crc]: it still exists.
2013-12-22 14:25:04,927 WARN  [main] fs.FileUtil (FileUtil.java:deleteImpl(187)) - Failed to delete file or dir [D:\ryneli\eclipse\git\RsyncHadoop\hadoop-mapreduce-project\hadoop-mapreduce-client\hadoop-mapreduce-client-core\target\test-dir\output\_temporary\0\_temporary\attempt_200707121733_0001_m_000000_0\part-m-00000]: it still exists.
</system-out>
  </testcase>
  <testcase time="0.334" classname="org.apache.hadoop.mapreduce.lib.output.TestFileOutputCommitter" name="testFailAbort"/>
</testsuite>